<?xml version="1.0" encoding="UTF-8"?>
<!-- Generated by org.testng.reporters.JUnitReportReporter -->
<testsuite skipped="0" hostname="DESKTOP-OTSD4BU" name="DefferentwaysTopost.CreateProjectUsingHasmap" tests="1" failures="0" timestamp="2022-09-26T12:24:05 IST" time="4.291" errors="0">
  <testcase name="createproject" time="4.291" classname="DefferentwaysTopost.CreateProjectUsingHasmap"/>
  <system-out/>
</testsuite> <!-- DefferentwaysTopost.CreateProjectUsingHasmap -->
