<?xml version="1.0" encoding="UTF-8"?>
<!-- Generated by org.testng.reporters.JUnitReportReporter -->
<testsuite skipped="0" hostname="DESKTOP-OTSD4BU" name="DefferentwaysTopost.CreateProjectUsingJsonFile" tests="1" failures="0" timestamp="2022-09-26T12:53:01 IST" time="3.975" errors="0">
  <testcase name="createproject" time="3.975" classname="DefferentwaysTopost.CreateProjectUsingJsonFile"/>
  <system-out/>
</testsuite> <!-- DefferentwaysTopost.CreateProjectUsingJsonFile -->
