<?xml version="1.0" encoding="UTF-8"?>
<!-- Generated by org.testng.reporters.JUnitReportReporter -->
<testsuite skipped="0" hostname="DESKTOP-OTSD4BU" name="DefferentwaysTopost.CreateProjectUsingPOJOClass" tests="1" failures="0" timestamp="2022-09-26T13:22:44 IST" time="11.087" errors="0">
  <testcase name="createProject" time="11.087" classname="DefferentwaysTopost.CreateProjectUsingPOJOClass"/>
  <system-out/>
</testsuite> <!-- DefferentwaysTopost.CreateProjectUsingPOJOClass -->
