<?xml version="1.0" encoding="UTF-8"?>
<!-- Generated by org.testng.reporters.JUnitReportReporter -->
<testsuite skipped="0" hostname="DESKTOP-OTSD4BU" name="basicCRUDoperation.createProjectTest" tests="1" failures="0" timestamp="2022-09-25T14:50:37 IST" time="10.053" errors="0">
  <testcase name="createprojectTest" time="10.053" classname="basicCRUDoperation.createProjectTest"/>
  <system-out/>
</testsuite> <!-- basicCRUDoperation.createProjectTest -->
