<?xml version="1.0" encoding="UTF-8"?>
<!-- Generated by org.testng.reporters.JUnitReportReporter -->
<testsuite skipped="0" hostname="DESKTOP-OTSD4BU" name="DefferentwaysTopost.CreateProjectUsingJsonObject" tests="1" failures="0" timestamp="2022-09-26T12:04:05 IST" time="12.619" errors="0">
  <testcase name="createProject" time="12.619" classname="DefferentwaysTopost.CreateProjectUsingJsonObject"/>
  <system-out/>
</testsuite> <!-- DefferentwaysTopost.CreateProjectUsingJsonObject -->
