<?xml version="1.0" encoding="UTF-8"?>
<!-- Generated by org.testng.reporters.JUnitReportReporter -->
<testsuite skipped="0" hostname="DESKTOP-OTSD4BU" name="bbdCURDOperation.GetAllProjects" tests="1" failures="0" timestamp="2022-09-25T16:27:07 IST" time="4.022" errors="0">
  <testcase name="getallproject" time="4.022" classname="bbdCURDOperation.GetAllProjects"/>
  <system-out/>
</testsuite> <!-- bbdCURDOperation.GetAllProjects -->
